{"uid":"e72c69d9a51a2fe3","name":"test_a","fullName":"testcase.test_image.TestImage#test_a","historyId":"255f37ca6f69848c2260d1175ac71030","time":{"start":1669266646748,"stop":1669266646748,"duration":0},"status":"failed","statusMessage":"AssertionError: assert '789' == '78'\n  - 78\n  + 789\n  ?   +","statusTrace":"self = <test_image.TestImage object at 0x00000255BEB06550>\n\n    def test_a(self):\n        a = \"789\"\n        b = \"78\"\n>       assert a == b\nE       AssertionError: assert '789' == '78'\nE         - 78\nE         + 789\nE         ?   +\n\ntestcase\\test_image.py:14: AssertionError","flaky":false,"newFailed":false,"newBroken":false,"newPassed":false,"retriesCount":0,"retriesStatusChange":false,"beforeStages":[],"afterStages":[],"labels":[{"name":"parentSuite","value":"testcase"},{"name":"suite","value":"test_image"},{"name":"subSuite","value":"TestImage"},{"name":"host","value":"CNENGewN2GAcDkx"},{"name":"thread","value":"21804-MainThread"},{"name":"framework","value":"pytest"},{"name":"language","value":"cpython3"},{"name":"package","value":"testcase.test_image"},{"name":"resultFormat","value":"allure2"}],"parameters":[],"links":[],"hidden":true,"retry":true,"extra":{"categories":[],"tags":[]},"source":"e72c69d9a51a2fe3.json","parameterValues":[]}